INFO:2023-03-03 22:07:15,282: --- epoch 1 ---
INFO:2023-03-03 22:07:15,316: train/loss     : 1.9619
INFO:2023-03-03 22:07:15,348: train/ctc      : 0.7023
INFO:2023-03-03 22:07:15,348: train/s2s      : 1.2596
INFO:2023-03-03 22:07:15,349: train/learning_rate: 0.0005
INFO:2023-03-03 22:07:15,349: eval/ctc       : 0.4561
INFO:2023-03-03 22:07:15,349: eval/s2s       : 0.7738
INFO:2023-03-03 22:07:15,349: eval/loss      : 1.2300
INFO:2023-03-03 22:07:15,350: eval/wer       : 0.4590
INFO:2023-03-03 22:07:15,350: eval/acc       : 0.7652
INFO:2023-03-03 23:02:35,305: --- epoch 2 ---
INFO:2023-03-03 23:02:35,343: train/loss     : 0.8061
INFO:2023-03-03 23:02:35,375: train/ctc      : 0.2000
INFO:2023-03-03 23:02:35,375: train/s2s      : 0.6061
INFO:2023-03-03 23:02:35,375: train/learning_rate: 0.0005
INFO:2023-03-03 23:02:35,375: eval/ctc       : 0.2754
INFO:2023-03-03 23:02:35,375: eval/s2s       : 0.5389
INFO:2023-03-03 23:02:35,375: eval/loss      : 0.8142
INFO:2023-03-03 23:02:35,375: eval/wer       : 0.3956
INFO:2023-03-03 23:02:35,376: eval/acc       : 0.8383
INFO:2023-03-03 23:57:48,633: --- epoch 3 ---
INFO:2023-03-03 23:57:48,645: train/loss     : 0.6009
INFO:2023-03-03 23:57:48,680: train/ctc      : 0.0911
INFO:2023-03-03 23:57:48,680: train/s2s      : 0.5098
INFO:2023-03-03 23:57:48,681: train/learning_rate: 0.0005
INFO:2023-03-03 23:57:48,681: eval/ctc       : 0.1853
INFO:2023-03-03 23:57:48,681: eval/s2s       : 0.4833
INFO:2023-03-03 23:57:48,681: eval/loss      : 0.6686
INFO:2023-03-03 23:57:48,682: eval/wer       : 0.3853
INFO:2023-03-03 23:57:48,682: eval/acc       : 0.8704
INFO:2023-03-04 00:52:27,546: --- epoch 4 ---
INFO:2023-03-04 00:52:27,555: train/loss     : 0.4989
INFO:2023-03-04 00:52:27,604: train/ctc      : 0.0356
INFO:2023-03-04 00:52:27,604: train/s2s      : 0.4633
INFO:2023-03-04 00:52:27,605: train/learning_rate: 0.0005
INFO:2023-03-04 00:52:27,605: eval/ctc       : 0.2497
INFO:2023-03-04 00:52:27,605: eval/s2s       : 0.5352
INFO:2023-03-04 00:52:27,605: eval/loss      : 0.7848
INFO:2023-03-04 00:52:27,605: eval/wer       : 0.3957
INFO:2023-03-04 00:52:27,606: eval/acc       : 0.8521
INFO:2023-03-04 01:46:58,634: --- epoch 5 ---
INFO:2023-03-04 01:46:58,657: train/loss     : 0.4327
INFO:2023-03-04 01:46:58,698: train/ctc      : -0.0003
INFO:2023-03-04 01:46:58,699: train/s2s      : 0.4330
INFO:2023-03-04 01:46:58,699: train/learning_rate: 0.0005
INFO:2023-03-04 01:46:58,699: eval/ctc       : 0.1795
INFO:2023-03-04 01:46:58,700: eval/s2s       : 0.5096
INFO:2023-03-04 01:46:58,700: eval/loss      : 0.6892
INFO:2023-03-04 01:46:58,700: eval/wer       : 0.3481
INFO:2023-03-04 01:46:58,700: eval/acc       : 0.8606
INFO:2023-03-04 02:41:36,333: --- epoch 6 ---
INFO:2023-03-04 02:41:36,351: train/loss     : 0.3816
INFO:2023-03-04 02:41:36,389: train/ctc      : -0.0285
INFO:2023-03-04 02:41:36,390: train/s2s      : 0.4102
INFO:2023-03-04 02:41:36,390: train/learning_rate: 0.0005
INFO:2023-03-04 02:41:36,390: eval/ctc       : 0.1494
INFO:2023-03-04 02:41:36,391: eval/s2s       : 0.5051
INFO:2023-03-04 02:41:36,391: eval/loss      : 0.6546
INFO:2023-03-04 02:41:36,391: eval/wer       : 0.3689
INFO:2023-03-04 02:41:36,391: eval/acc       : 0.8480
INFO:2023-03-04 03:36:01,438: --- epoch 7 ---
INFO:2023-03-04 03:36:01,453: train/loss     : 0.3446
INFO:2023-03-04 03:36:01,492: train/ctc      : -0.0494
INFO:2023-03-04 03:36:01,493: train/s2s      : 0.3941
INFO:2023-03-04 03:36:01,493: train/learning_rate: 0.0005
INFO:2023-03-04 03:36:01,493: eval/ctc       : 0.0899
INFO:2023-03-04 03:36:01,494: eval/s2s       : 0.4774
INFO:2023-03-04 03:36:01,494: eval/loss      : 0.5672
INFO:2023-03-04 03:36:01,494: eval/wer       : 0.3570
INFO:2023-03-04 03:36:01,494: eval/acc       : 0.8730
INFO:2023-03-04 04:30:09,956: --- epoch 8 ---
INFO:2023-03-04 04:30:09,972: train/loss     : 0.3147
INFO:2023-03-04 04:30:10,005: train/ctc      : -0.0657
INFO:2023-03-04 04:30:10,005: train/s2s      : 0.3804
INFO:2023-03-04 04:30:10,006: train/learning_rate: 0.0005
INFO:2023-03-04 04:30:10,006: eval/ctc       : 0.0995
INFO:2023-03-04 04:30:10,006: eval/s2s       : 0.4527
INFO:2023-03-04 04:30:10,006: eval/loss      : 0.5521
INFO:2023-03-04 04:30:10,006: eval/wer       : 0.3582
INFO:2023-03-04 04:30:10,007: eval/acc       : 0.8536
INFO:2023-03-04 05:24:19,949: --- epoch 9 ---
INFO:2023-03-04 05:24:19,959: train/loss     : 0.2898
INFO:2023-03-04 05:24:19,992: train/ctc      : -0.0798
INFO:2023-03-04 05:24:19,993: train/s2s      : 0.3697
INFO:2023-03-04 05:24:19,993: train/learning_rate: 0.0005
INFO:2023-03-04 05:24:19,994: eval/ctc       : 0.1403
INFO:2023-03-04 05:24:19,994: eval/s2s       : 0.4462
INFO:2023-03-04 05:24:19,994: eval/loss      : 0.5864
INFO:2023-03-04 05:24:19,994: eval/wer       : 0.3422
INFO:2023-03-04 05:24:19,994: eval/acc       : 0.8684
INFO:2023-03-04 06:19:07,658: --- epoch 10 ---
INFO:2023-03-04 06:19:07,692: train/loss     : 0.2703
INFO:2023-03-04 06:19:07,716: train/ctc      : -0.0911
INFO:2023-03-04 06:19:07,716: train/s2s      : 0.3614
INFO:2023-03-04 06:19:07,717: train/learning_rate: 0.0005
INFO:2023-03-04 06:19:07,717: eval/ctc       : 0.1390
INFO:2023-03-04 06:19:07,717: eval/s2s       : 0.4410
INFO:2023-03-04 06:19:07,717: eval/loss      : 0.5800
INFO:2023-03-04 06:19:07,717: eval/wer       : 0.3334
INFO:2023-03-04 06:19:07,717: eval/acc       : 0.8605
INFO:2023-03-04 06:44:23,995: Loading pretrained model from /home/akorolev/master/projects/StyleTTS/AuxiliaryASR/Checkpoint/epoch_00010.pth
INFO:2023-03-04 07:41:06,201: --- epoch 1 ---
INFO:2023-03-04 07:41:06,271: train/loss     : 0.2517
INFO:2023-03-04 07:41:06,358: train/ctc      : -0.1012
INFO:2023-03-04 07:41:06,359: train/s2s      : 0.3529
INFO:2023-03-04 07:41:06,359: train/learning_rate: 0.0005
INFO:2023-03-04 07:41:06,359: eval/ctc       : 0.1372
INFO:2023-03-04 07:41:06,359: eval/s2s       : 0.4451
INFO:2023-03-04 07:41:06,359: eval/loss      : 0.5824
INFO:2023-03-04 07:41:06,359: eval/wer       : 0.3291
INFO:2023-03-04 07:41:06,359: eval/acc       : 0.8771
INFO:2023-03-04 08:33:55,499: --- epoch 2 ---
INFO:2023-03-04 08:33:55,543: train/loss     : 0.2358
INFO:2023-03-04 08:33:55,574: train/ctc      : -0.1107
INFO:2023-03-04 08:33:55,574: train/s2s      : 0.3465
INFO:2023-03-04 08:33:55,574: train/learning_rate: 0.0005
INFO:2023-03-04 08:33:55,575: eval/ctc       : 0.0560
INFO:2023-03-04 08:33:55,575: eval/s2s       : 0.3908
INFO:2023-03-04 08:33:55,575: eval/loss      : 0.4468
INFO:2023-03-04 08:33:55,575: eval/wer       : 0.3326
INFO:2023-03-04 08:33:55,575: eval/acc       : 0.8932
INFO:2023-03-04 09:26:46,798: --- epoch 3 ---
INFO:2023-03-04 09:26:46,808: train/loss     : 0.2238
INFO:2023-03-04 09:26:46,846: train/ctc      : -0.1174
INFO:2023-03-04 09:26:46,846: train/s2s      : 0.3412
INFO:2023-03-04 09:26:46,846: train/learning_rate: 0.0005
INFO:2023-03-04 09:26:46,846: eval/ctc       : 0.1187
INFO:2023-03-04 09:26:46,846: eval/s2s       : 0.3889
INFO:2023-03-04 09:26:46,847: eval/loss      : 0.5076
INFO:2023-03-04 09:26:46,847: eval/wer       : 0.3303
INFO:2023-03-04 09:26:46,847: eval/acc       : 0.8966
INFO:2023-03-04 10:19:39,360: --- epoch 4 ---
INFO:2023-03-04 10:19:39,370: train/loss     : 0.2101
INFO:2023-03-04 10:19:39,397: train/ctc      : -0.1253
INFO:2023-03-04 10:19:39,398: train/s2s      : 0.3354
INFO:2023-03-04 10:19:39,398: train/learning_rate: 0.0005
INFO:2023-03-04 10:19:39,398: eval/ctc       : 0.0694
INFO:2023-03-04 10:19:39,398: eval/s2s       : 0.3895
INFO:2023-03-04 10:19:39,398: eval/loss      : 0.4588
INFO:2023-03-04 10:19:39,398: eval/wer       : 0.3041
INFO:2023-03-04 10:19:39,398: eval/acc       : 0.8899
INFO:2023-03-04 11:12:14,424: --- epoch 5 ---
INFO:2023-03-04 11:12:14,432: train/loss     : 0.1990
INFO:2023-03-04 11:12:14,459: train/ctc      : -0.1317
INFO:2023-03-04 11:12:14,459: train/s2s      : 0.3307
INFO:2023-03-04 11:12:14,459: train/learning_rate: 0.0005
INFO:2023-03-04 11:12:14,459: eval/ctc       : 0.1226
INFO:2023-03-04 11:12:14,460: eval/s2s       : 0.4298
INFO:2023-03-04 11:12:14,460: eval/loss      : 0.5524
INFO:2023-03-04 11:12:14,460: eval/wer       : 0.3323
INFO:2023-03-04 11:12:14,460: eval/acc       : 0.8775
INFO:2023-03-04 12:04:50,207: --- epoch 6 ---
INFO:2023-03-04 12:04:50,207: train/loss     : 0.1875
INFO:2023-03-04 12:04:50,236: train/ctc      : -0.1384
INFO:2023-03-04 12:04:50,236: train/s2s      : 0.3260
INFO:2023-03-04 12:04:50,236: train/learning_rate: 0.0005
INFO:2023-03-04 12:04:50,236: eval/ctc       : 0.1141
INFO:2023-03-04 12:04:50,236: eval/s2s       : 0.4040
INFO:2023-03-04 12:04:50,237: eval/loss      : 0.5181
INFO:2023-03-04 12:04:50,237: eval/wer       : 0.3135
INFO:2023-03-04 12:04:50,237: eval/acc       : 0.8983
INFO:2023-03-04 12:57:38,492: --- epoch 7 ---
INFO:2023-03-04 12:57:38,504: train/loss     : 0.1768
INFO:2023-03-04 12:57:38,536: train/ctc      : -0.1446
INFO:2023-03-04 12:57:38,536: train/s2s      : 0.3214
INFO:2023-03-04 12:57:38,536: train/learning_rate: 0.0005
INFO:2023-03-04 12:57:38,537: eval/ctc       : 0.0419
INFO:2023-03-04 12:57:38,537: eval/s2s       : 0.3904
INFO:2023-03-04 12:57:38,537: eval/loss      : 0.4323
INFO:2023-03-04 12:57:38,537: eval/wer       : 0.3195
INFO:2023-03-04 12:57:38,537: eval/acc       : 0.8889
INFO:2023-03-04 13:50:30,106: --- epoch 8 ---
INFO:2023-03-04 13:50:30,118: train/loss     : 0.1684
INFO:2023-03-04 13:50:30,152: train/ctc      : -0.1493
INFO:2023-03-04 13:50:30,153: train/s2s      : 0.3177
INFO:2023-03-04 13:50:30,153: train/learning_rate: 0.0005
INFO:2023-03-04 13:50:30,153: eval/ctc       : 0.1309
INFO:2023-03-04 13:50:30,153: eval/s2s       : 0.4254
INFO:2023-03-04 13:50:30,154: eval/loss      : 0.5563
INFO:2023-03-04 13:50:30,154: eval/wer       : 0.3490
INFO:2023-03-04 13:50:30,154: eval/acc       : 0.8687
INFO:2023-03-04 14:43:10,504: --- epoch 9 ---
INFO:2023-03-04 14:43:10,518: train/loss     : 0.1606
INFO:2023-03-04 14:43:10,545: train/ctc      : -0.1539
INFO:2023-03-04 14:43:10,546: train/s2s      : 0.3144
INFO:2023-03-04 14:43:10,546: train/learning_rate: 0.0005
INFO:2023-03-04 14:43:10,546: eval/ctc       : 0.1905
INFO:2023-03-04 14:43:10,546: eval/s2s       : 0.4083
INFO:2023-03-04 14:43:10,546: eval/loss      : 0.5989
INFO:2023-03-04 14:43:10,546: eval/wer       : 0.3533
INFO:2023-03-04 14:43:10,546: eval/acc       : 0.8615
INFO:2023-03-04 15:36:05,224: --- epoch 10 ---
INFO:2023-03-04 15:36:05,265: train/loss     : 0.1535
INFO:2023-03-04 15:36:05,310: train/ctc      : -0.1577
INFO:2023-03-04 15:36:05,310: train/s2s      : 0.3112
INFO:2023-03-04 15:36:05,310: train/learning_rate: 0.0005
INFO:2023-03-04 15:36:05,310: eval/ctc       : 0.0808
INFO:2023-03-04 15:36:05,310: eval/s2s       : 0.3511
INFO:2023-03-04 15:36:05,310: eval/loss      : 0.4319
INFO:2023-03-04 15:36:05,311: eval/wer       : 0.3233
INFO:2023-03-04 15:36:05,311: eval/acc       : 0.9066
INFO:2023-03-04 16:29:01,880: --- epoch 11 ---
INFO:2023-03-04 16:29:01,896: train/loss     : 0.1470
INFO:2023-03-04 16:29:01,927: train/ctc      : -0.1613
INFO:2023-03-04 16:29:01,927: train/s2s      : 0.3082
INFO:2023-03-04 16:29:01,927: train/learning_rate: 0.0005
INFO:2023-03-04 16:29:01,928: eval/ctc       : 0.1558
INFO:2023-03-04 16:29:01,928: eval/s2s       : 0.4048
INFO:2023-03-04 16:29:01,928: eval/loss      : 0.5606
INFO:2023-03-04 16:29:01,928: eval/wer       : 0.3444
INFO:2023-03-04 16:29:01,928: eval/acc       : 0.8736
INFO:2023-03-04 17:21:47,743: --- epoch 12 ---
INFO:2023-03-04 17:21:47,770: train/loss     : 0.1398
INFO:2023-03-04 17:21:47,809: train/ctc      : -0.1655
INFO:2023-03-04 17:21:47,810: train/s2s      : 0.3053
INFO:2023-03-04 17:21:47,810: train/learning_rate: 0.0005
INFO:2023-03-04 17:21:47,810: eval/ctc       : -0.0246
INFO:2023-03-04 17:21:47,810: eval/s2s       : 0.3578
INFO:2023-03-04 17:21:47,810: eval/loss      : 0.3333
INFO:2023-03-04 17:21:47,811: eval/wer       : 0.3169
INFO:2023-03-04 17:21:47,811: eval/acc       : 0.8804
INFO:2023-03-04 18:14:30,222: --- epoch 13 ---
INFO:2023-03-04 18:14:30,243: train/loss     : 0.1332
INFO:2023-03-04 18:14:30,279: train/ctc      : -0.1696
INFO:2023-03-04 18:14:30,279: train/s2s      : 0.3028
INFO:2023-03-04 18:14:30,279: train/learning_rate: 0.0005
INFO:2023-03-04 18:14:30,279: eval/ctc       : 0.1451
INFO:2023-03-04 18:14:30,279: eval/s2s       : 0.4460
INFO:2023-03-04 18:14:30,279: eval/loss      : 0.5910
INFO:2023-03-04 18:14:30,280: eval/wer       : 0.3186
INFO:2023-03-04 18:14:30,280: eval/acc       : 0.8726
