INFO:2023-03-02 11:26:29,074: --- epoch 1 ---
INFO:2023-03-02 11:26:29,074: train/loss     : 0.1841
INFO:2023-03-02 11:26:29,235: train/f0       : 0.0269
INFO:2023-03-02 11:26:29,235: train/sil      : 0.1572
INFO:2023-03-02 11:26:29,236: train/learning_rate: 0.0003
INFO:2023-03-02 11:26:29,236: eval/loss      : 0.1779
INFO:2023-03-02 11:26:29,236: eval/f0        : 0.0231
INFO:2023-03-02 11:26:29,236: eval/sil       : 0.1548
INFO:2023-03-02 13:41:01,641: --- epoch 2 ---
INFO:2023-03-02 13:41:01,653: train/loss     : 0.1612
INFO:2023-03-02 13:41:01,655: train/f0       : 0.0147
INFO:2023-03-02 13:41:01,655: train/sil      : 0.1466
INFO:2023-03-02 13:41:01,655: train/learning_rate: 0.0003
INFO:2023-03-02 13:41:01,656: eval/loss      : 0.1684
INFO:2023-03-02 13:41:01,656: eval/f0        : 0.0193
INFO:2023-03-02 13:41:01,656: eval/sil       : 0.1491
INFO:2023-03-02 15:51:27,401: --- epoch 3 ---
INFO:2023-03-02 15:51:27,410: train/loss     : 0.1580
INFO:2023-03-02 15:51:27,432: train/f0       : 0.0140
INFO:2023-03-02 15:51:27,432: train/sil      : 0.1440
INFO:2023-03-02 15:51:27,432: train/learning_rate: 0.0003
INFO:2023-03-02 15:51:27,432: eval/loss      : 0.1646
INFO:2023-03-02 15:51:27,433: eval/f0        : 0.0215
INFO:2023-03-02 15:51:27,433: eval/sil       : 0.1431
INFO:2023-03-02 18:04:26,533: --- epoch 4 ---
INFO:2023-03-02 18:04:26,546: train/loss     : 0.1557
INFO:2023-03-02 18:04:26,599: train/f0       : 0.0137
INFO:2023-03-02 18:04:26,600: train/sil      : 0.1420
INFO:2023-03-02 18:04:26,600: train/learning_rate: 0.0003
INFO:2023-03-02 18:04:26,600: eval/loss      : 0.1588
INFO:2023-03-02 18:04:26,600: eval/f0        : 0.0173
INFO:2023-03-02 18:04:26,600: eval/sil       : 0.1415
INFO:2023-03-02 20:22:34,737: --- epoch 5 ---
INFO:2023-03-02 20:22:34,758: train/loss     : 0.1542
INFO:2023-03-02 20:22:34,759: train/f0       : 0.0135
INFO:2023-03-02 20:22:34,760: train/sil      : 0.1408
INFO:2023-03-02 20:22:34,760: train/learning_rate: 0.0003
INFO:2023-03-02 20:22:34,760: eval/loss      : 0.1633
INFO:2023-03-02 20:22:34,760: eval/f0        : 0.0190
INFO:2023-03-02 20:22:34,760: eval/sil       : 0.1443
INFO:2023-03-02 22:33:10,877: --- epoch 6 ---
INFO:2023-03-02 22:33:10,914: train/loss     : 0.1531
INFO:2023-03-02 22:33:10,949: train/f0       : 0.0133
INFO:2023-03-02 22:33:10,949: train/sil      : 0.1398
INFO:2023-03-02 22:33:10,950: train/learning_rate: 0.0003
INFO:2023-03-02 22:33:10,950: eval/loss      : 0.1416
INFO:2023-03-02 22:33:10,950: eval/f0        : 0.0161
INFO:2023-03-02 22:33:10,950: eval/sil       : 0.1255
INFO:2023-03-03 00:44:53,912: --- epoch 7 ---
INFO:2023-03-03 00:44:53,978: train/loss     : 0.1521
INFO:2023-03-03 00:44:54,019: train/f0       : 0.0132
INFO:2023-03-03 00:44:54,020: train/sil      : 0.1389
INFO:2023-03-03 00:44:54,020: train/learning_rate: 0.0003
INFO:2023-03-03 00:44:54,020: eval/loss      : 0.1481
INFO:2023-03-03 00:44:54,020: eval/f0        : 0.0158
INFO:2023-03-03 00:44:54,020: eval/sil       : 0.1323
INFO:2023-03-03 02:52:13,618: --- epoch 8 ---
INFO:2023-03-03 02:52:13,641: train/loss     : 0.1511
INFO:2023-03-03 02:52:13,678: train/f0       : 0.0131
INFO:2023-03-03 02:52:13,678: train/sil      : 0.1380
INFO:2023-03-03 02:52:13,678: train/learning_rate: 0.0003
INFO:2023-03-03 02:52:13,679: eval/loss      : 0.1528
INFO:2023-03-03 02:52:13,679: eval/f0        : 0.0168
INFO:2023-03-03 02:52:13,679: eval/sil       : 0.1360
INFO:2023-03-03 04:56:32,739: --- epoch 9 ---
INFO:2023-03-03 04:56:32,758: train/loss     : 0.1503
INFO:2023-03-03 04:56:32,789: train/f0       : 0.0130
INFO:2023-03-03 04:56:32,789: train/sil      : 0.1373
INFO:2023-03-03 04:56:32,789: train/learning_rate: 0.0003
INFO:2023-03-03 04:56:32,789: eval/loss      : 0.1407
INFO:2023-03-03 04:56:32,790: eval/f0        : 0.0145
INFO:2023-03-03 04:56:32,790: eval/sil       : 0.1262
INFO:2023-03-03 06:55:39,629: --- epoch 10 ---
INFO:2023-03-03 06:55:39,649: train/loss     : 0.1494
INFO:2023-03-03 06:55:39,682: train/f0       : 0.0130
INFO:2023-03-03 06:55:39,683: train/sil      : 0.1365
INFO:2023-03-03 06:55:39,683: train/learning_rate: 0.0003
INFO:2023-03-03 06:55:39,683: eval/loss      : 0.1255
INFO:2023-03-03 06:55:39,683: eval/f0        : 0.0134
INFO:2023-03-03 06:55:39,683: eval/sil       : 0.1121
INFO:2023-03-03 08:56:29,631: --- epoch 11 ---
INFO:2023-03-03 08:56:29,645: train/loss     : 0.1484
INFO:2023-03-03 08:56:29,699: train/f0       : 0.0129
INFO:2023-03-03 08:56:29,699: train/sil      : 0.1355
INFO:2023-03-03 08:56:29,699: train/learning_rate: 0.0003
INFO:2023-03-03 08:56:29,699: eval/loss      : 0.1434
INFO:2023-03-03 08:56:29,699: eval/f0        : 0.0160
INFO:2023-03-03 08:56:29,700: eval/sil       : 0.1274
INFO:2023-03-03 10:54:45,495: --- epoch 12 ---
INFO:2023-03-03 10:54:45,502: train/loss     : 0.1475
INFO:2023-03-03 10:54:45,535: train/f0       : 0.0129
INFO:2023-03-03 10:54:45,535: train/sil      : 0.1347
INFO:2023-03-03 10:54:45,535: train/learning_rate: 0.0003
INFO:2023-03-03 10:54:45,535: eval/loss      : 0.1430
INFO:2023-03-03 10:54:45,536: eval/f0        : 0.0171
INFO:2023-03-03 10:54:45,536: eval/sil       : 0.1259
INFO:2023-03-03 12:54:27,973: --- epoch 13 ---
INFO:2023-03-03 12:54:27,989: train/loss     : 0.1466
INFO:2023-03-03 12:54:28,022: train/f0       : 0.0128
INFO:2023-03-03 12:54:28,023: train/sil      : 0.1338
INFO:2023-03-03 12:54:28,023: train/learning_rate: 0.0003
INFO:2023-03-03 12:54:28,023: eval/loss      : 0.1404
INFO:2023-03-03 12:54:28,024: eval/f0        : 0.0137
INFO:2023-03-03 12:54:28,024: eval/sil       : 0.1267
INFO:2023-03-03 14:56:13,250: --- epoch 14 ---
INFO:2023-03-03 14:56:13,298: train/loss     : 0.1457
INFO:2023-03-03 14:56:13,299: train/f0       : 0.0127
INFO:2023-03-03 14:56:13,299: train/sil      : 0.1329
INFO:2023-03-03 14:56:13,300: train/learning_rate: 0.0003
INFO:2023-03-03 14:56:13,300: eval/loss      : 0.1557
INFO:2023-03-03 14:56:13,300: eval/f0        : 0.0158
INFO:2023-03-03 14:56:13,300: eval/sil       : 0.1399
INFO:2023-03-03 16:57:39,923: --- epoch 15 ---
INFO:2023-03-03 16:57:39,942: train/loss     : 0.1449
INFO:2023-03-03 16:57:39,943: train/f0       : 0.0127
INFO:2023-03-03 16:57:39,944: train/sil      : 0.1322
INFO:2023-03-03 16:57:39,944: train/learning_rate: 0.0003
INFO:2023-03-03 16:57:39,944: eval/loss      : 0.1379
INFO:2023-03-03 16:57:39,945: eval/f0        : 0.0145
INFO:2023-03-03 16:57:39,945: eval/sil       : 0.1234
INFO:2023-03-03 18:54:14,491: --- epoch 16 ---
INFO:2023-03-03 18:54:14,541: train/loss     : 0.1440
INFO:2023-03-03 18:54:14,542: train/f0       : 0.0127
INFO:2023-03-03 18:54:14,542: train/sil      : 0.1313
INFO:2023-03-03 18:54:14,542: train/learning_rate: 0.0003
INFO:2023-03-03 18:54:14,542: eval/loss      : 0.1380
INFO:2023-03-03 18:54:14,542: eval/f0        : 0.0158
INFO:2023-03-03 18:54:14,543: eval/sil       : 0.1222
